{"/Users/jan/Hacktiv8/phase2/week3/ecommerce/ecommerce-server/app.js": {"path":"/Users/jan/Hacktiv8/phase2/week3/ecommerce/ecommerce-server/app.js","statementMap":{"0":{"start":{"line":1,"column":16},"end":{"line":1,"column":34}},"1":{"start":{"line":2,"column":13},"end":{"line":2,"column":28}},"2":{"start":{"line":3,"column":12},"end":{"line":3,"column":21}},"3":{"start":{"line":5,"column":15},"end":{"line":5,"column":40}},"4":{"start":{"line":7,"column":0},"end":{"line":7,"column":16}},"5":{"start":{"line":8,"column":0},"end":{"line":8,"column":49}},"6":{"start":{"line":9,"column":0},"end":{"line":9,"column":24}},"7":{"start":{"line":11,"column":0},"end":{"line":11,"column":16}},"8":{"start":{"line":13,"column":0},"end":{"line":13,"column":21}}},"fnMap":{},"branchMap":{},"s":{"0":2,"1":2,"2":2,"3":2,"4":2,"5":2,"6":2,"7":2,"8":2},"f":{},"b":{},"_coverageSchema":"1a1c01bbd47fc00a2c39e90264f33305004495a9","hash":"8c0bc0f04291735e13254824184a9996d41bfc45"}
,"/Users/jan/Hacktiv8/phase2/week3/ecommerce/ecommerce-server/config/config.js": {"path":"/Users/jan/Hacktiv8/phase2/week3/ecommerce/ecommerce-server/config/config.js","statementMap":{"0":{"start":{"line":1,"column":12},"end":{"line":1,"column":49}},"1":{"start":{"line":2,"column":22},"end":{"line":2,"column":39}},"2":{"start":{"line":4,"column":0},"end":{"line":6,"column":1}},"3":{"start":{"line":5,"column":2},"end":{"line":5,"column":29}},"4":{"start":{"line":8,"column":17},"end":{"line":8,"column":60}},"5":{"start":{"line":9,"column":17},"end":{"line":9,"column":60}},"6":{"start":{"line":10,"column":17},"end":{"line":10,"column":56}},"7":{"start":{"line":11,"column":13},"end":{"line":11,"column":52}},"8":{"start":{"line":12,"column":16},"end":{"line":12,"column":58}},"9":{"start":{"line":14,"column":0},"end":{"line":32,"column":2}}},"fnMap":{},"branchMap":{"0":{"loc":{"start":{"line":1,"column":12},"end":{"line":1,"column":49}},"type":"binary-expr","locations":[{"start":{"line":1,"column":12},"end":{"line":1,"column":32}},{"start":{"line":1,"column":36},"end":{"line":1,"column":49}}],"line":1},"1":{"loc":{"start":{"line":4,"column":0},"end":{"line":6,"column":1}},"type":"if","locations":[{"start":{"line":4,"column":0},"end":{"line":6,"column":1}},{"start":{"line":4,"column":0},"end":{"line":6,"column":1}}],"line":4},"2":{"loc":{"start":{"line":4,"column":4},"end":{"line":4,"column":43}},"type":"binary-expr","locations":[{"start":{"line":4,"column":4},"end":{"line":4,"column":25}},{"start":{"line":4,"column":29},"end":{"line":4,"column":43}}],"line":4}},"s":{"0":2,"1":2,"2":2,"3":2,"4":2,"5":2,"6":2,"7":2,"8":2,"9":2},"f":{},"b":{"0":[2,0],"1":[2,0],"2":[2,2]},"_coverageSchema":"1a1c01bbd47fc00a2c39e90264f33305004495a9","hash":"d09f724013d75dace094dd76bf0fed210f6266a1"}
,"/Users/jan/Hacktiv8/phase2/week3/ecommerce/ecommerce-server/controllers/CartController.js": {"path":"/Users/jan/Hacktiv8/phase2/week3/ecommerce/ecommerce-server/controllers/CartController.js","statementMap":{"0":{"start":{"line":1,"column":53},"end":{"line":1,"column":73}},"1":{"start":{"line":5,"column":19},"end":{"line":5,"column":30}},"2":{"start":{"line":6,"column":34},"end":{"line":6,"column":42}},"3":{"start":{"line":10,"column":4},"end":{"line":55,"column":33}},"4":{"start":{"line":12,"column":8},"end":{"line":12,"column":27}},"5":{"start":{"line":13,"column":8},"end":{"line":25,"column":9}},"6":{"start":{"line":14,"column":10},"end":{"line":14,"column":47}},"7":{"start":{"line":17,"column":10},"end":{"line":24,"column":13}},"8":{"start":{"line":28,"column":8},"end":{"line":50,"column":9}},"9":{"start":{"line":29,"column":20},"end":{"line":29,"column":35}},"10":{"start":{"line":30,"column":10},"end":{"line":32,"column":11}},"11":{"start":{"line":31,"column":12},"end":{"line":31,"column":18}},"12":{"start":{"line":34,"column":10},"end":{"line":42,"column":12}},"13":{"start":{"line":44,"column":10},"end":{"line":49,"column":13}},"14":{"start":{"line":53,"column":8},"end":{"line":53,"column":39}},"15":{"start":{"line":55,"column":22},"end":{"line":55,"column":31}},"16":{"start":{"line":59,"column":19},"end":{"line":59,"column":30}},"17":{"start":{"line":61,"column":4},"end":{"line":92,"column":33}},"18":{"start":{"line":90,"column":8},"end":{"line":90,"column":39}},"19":{"start":{"line":92,"column":22},"end":{"line":92,"column":31}},"20":{"start":{"line":96,"column":15},"end":{"line":96,"column":29}},"21":{"start":{"line":97,"column":34},"end":{"line":97,"column":42}},"22":{"start":{"line":99,"column":4},"end":{"line":120,"column":33}},"23":{"start":{"line":101,"column":8},"end":{"line":115,"column":9}},"24":{"start":{"line":102,"column":10},"end":{"line":102,"column":47}},"25":{"start":{"line":104,"column":10},"end":{"line":114,"column":12}},"26":{"start":{"line":118,"column":8},"end":{"line":118,"column":39}},"27":{"start":{"line":120,"column":22},"end":{"line":120,"column":31}},"28":{"start":{"line":124,"column":15},"end":{"line":124,"column":28}},"29":{"start":{"line":125,"column":4},"end":{"line":129,"column":33}},"30":{"start":{"line":127,"column":8},"end":{"line":127,"column":76}},"31":{"start":{"line":129,"column":22},"end":{"line":129,"column":31}},"32":{"start":{"line":133,"column":14},"end":{"line":133,"column":43}},"33":{"start":{"line":134,"column":22},"end":{"line":134,"column":30}},"34":{"start":{"line":135,"column":4},"end":{"line":135,"column":60}},"35":{"start":{"line":135,"column":32},"end":{"line":135,"column":60}},"36":{"start":{"line":138,"column":4},"end":{"line":181,"column":5}},"37":{"start":{"line":139,"column":21},"end":{"line":173,"column":8}},"38":{"start":{"line":142,"column":8},"end":{"line":162,"column":11}},"39":{"start":{"line":143,"column":44},"end":{"line":143,"column":48}},"40":{"start":{"line":144,"column":10},"end":{"line":144,"column":31}},"41":{"start":{"line":146,"column":26},"end":{"line":146,"column":79}},"42":{"start":{"line":148,"column":10},"end":{"line":161,"column":11}},"43":{"start":{"line":148,"column":38},"end":{"line":148,"column":75}},"44":{"start":{"line":150,"column":12},"end":{"line":160,"column":14}},"45":{"start":{"line":164,"column":8},"end":{"line":170,"column":10}},"46":{"start":{"line":172,"column":8},"end":{"line":172,"column":36}},"47":{"start":{"line":175,"column":6},"end":{"line":177,"column":8}},"48":{"start":{"line":180,"column":6},"end":{"line":180,"column":18}},"49":{"start":{"line":185,"column":0},"end":{"line":185,"column":32}}},"fnMap":{"0":{"name":"(anonymous_0)","decl":{"start":{"line":4,"column":2},"end":{"line":4,"column":3}},"loc":{"start":{"line":4,"column":33},"end":{"line":56,"column":3}},"line":4},"1":{"name":"(anonymous_1)","decl":{"start":{"line":11,"column":12},"end":{"line":11,"column":13}},"loc":{"start":{"line":11,"column":22},"end":{"line":26,"column":7}},"line":11},"2":{"name":"(anonymous_2)","decl":{"start":{"line":27,"column":12},"end":{"line":27,"column":13}},"loc":{"start":{"line":27,"column":26},"end":{"line":51,"column":7}},"line":27},"3":{"name":"(anonymous_3)","decl":{"start":{"line":52,"column":12},"end":{"line":52,"column":13}},"loc":{"start":{"line":52,"column":26},"end":{"line":54,"column":7}},"line":52},"4":{"name":"(anonymous_4)","decl":{"start":{"line":55,"column":13},"end":{"line":55,"column":14}},"loc":{"start":{"line":55,"column":22},"end":{"line":55,"column":31}},"line":55},"5":{"name":"(anonymous_5)","decl":{"start":{"line":58,"column":2},"end":{"line":58,"column":3}},"loc":{"start":{"line":58,"column":34},"end":{"line":93,"column":3}},"line":58},"6":{"name":"(anonymous_6)","decl":{"start":{"line":89,"column":12},"end":{"line":89,"column":13}},"loc":{"start":{"line":89,"column":26},"end":{"line":91,"column":7}},"line":89},"7":{"name":"(anonymous_7)","decl":{"start":{"line":92,"column":13},"end":{"line":92,"column":14}},"loc":{"start":{"line":92,"column":22},"end":{"line":92,"column":31}},"line":92},"8":{"name":"(anonymous_8)","decl":{"start":{"line":95,"column":2},"end":{"line":95,"column":3}},"loc":{"start":{"line":95,"column":35},"end":{"line":121,"column":3}},"line":95},"9":{"name":"(anonymous_9)","decl":{"start":{"line":100,"column":12},"end":{"line":100,"column":13}},"loc":{"start":{"line":100,"column":22},"end":{"line":116,"column":7}},"line":100},"10":{"name":"(anonymous_10)","decl":{"start":{"line":117,"column":12},"end":{"line":117,"column":13}},"loc":{"start":{"line":117,"column":26},"end":{"line":119,"column":7}},"line":117},"11":{"name":"(anonymous_11)","decl":{"start":{"line":120,"column":13},"end":{"line":120,"column":14}},"loc":{"start":{"line":120,"column":22},"end":{"line":120,"column":31}},"line":120},"12":{"name":"(anonymous_12)","decl":{"start":{"line":123,"column":2},"end":{"line":123,"column":3}},"loc":{"start":{"line":123,"column":36},"end":{"line":130,"column":3}},"line":123},"13":{"name":"(anonymous_13)","decl":{"start":{"line":126,"column":12},"end":{"line":126,"column":13}},"loc":{"start":{"line":126,"column":26},"end":{"line":128,"column":7}},"line":126},"14":{"name":"(anonymous_14)","decl":{"start":{"line":129,"column":13},"end":{"line":129,"column":14}},"loc":{"start":{"line":129,"column":22},"end":{"line":129,"column":31}},"line":129},"15":{"name":"(anonymous_15)","decl":{"start":{"line":132,"column":2},"end":{"line":132,"column":3}},"loc":{"start":{"line":132,"column":40},"end":{"line":182,"column":3}},"line":132},"16":{"name":"(anonymous_16)","decl":{"start":{"line":139,"column":49},"end":{"line":139,"column":50}},"loc":{"start":{"line":139,"column":62},"end":{"line":173,"column":7}},"line":139},"17":{"name":"(anonymous_17)","decl":{"start":{"line":142,"column":26},"end":{"line":142,"column":27}},"loc":{"start":{"line":142,"column":42},"end":{"line":162,"column":9}},"line":142}},"branchMap":{"0":{"loc":{"start":{"line":13,"column":8},"end":{"line":25,"column":9}},"type":"if","locations":[{"start":{"line":13,"column":8},"end":{"line":25,"column":9}},{"start":{"line":13,"column":8},"end":{"line":25,"column":9}}],"line":13},"1":{"loc":{"start":{"line":13,"column":12},"end":{"line":13,"column":46}},"type":"binary-expr","locations":[{"start":{"line":13,"column":12},"end":{"line":13,"column":31}},{"start":{"line":13,"column":35},"end":{"line":13,"column":46}}],"line":13},"2":{"loc":{"start":{"line":28,"column":8},"end":{"line":50,"column":9}},"type":"if","locations":[{"start":{"line":28,"column":8},"end":{"line":50,"column":9}},{"start":{"line":28,"column":8},"end":{"line":50,"column":9}}],"line":28},"3":{"loc":{"start":{"line":30,"column":10},"end":{"line":32,"column":11}},"type":"if","locations":[{"start":{"line":30,"column":10},"end":{"line":32,"column":11}},{"start":{"line":30,"column":10},"end":{"line":32,"column":11}}],"line":30},"4":{"loc":{"start":{"line":101,"column":8},"end":{"line":115,"column":9}},"type":"if","locations":[{"start":{"line":101,"column":8},"end":{"line":115,"column":9}},{"start":{"line":101,"column":8},"end":{"line":115,"column":9}}],"line":101},"5":{"loc":{"start":{"line":135,"column":4},"end":{"line":135,"column":60}},"type":"if","locations":[{"start":{"line":135,"column":4},"end":{"line":135,"column":60}},{"start":{"line":135,"column":4},"end":{"line":135,"column":60}}],"line":135},"6":{"loc":{"start":{"line":148,"column":10},"end":{"line":161,"column":11}},"type":"if","locations":[{"start":{"line":148,"column":10},"end":{"line":161,"column":11}},{"start":{"line":148,"column":10},"end":{"line":161,"column":11}}],"line":148}},"s":{"0":2,"1":0,"2":0,"3":0,"4":0,"5":0,"6":0,"7":0,"8":0,"9":0,"10":0,"11":0,"12":0,"13":0,"14":0,"15":0,"16":0,"17":0,"18":0,"19":0,"20":0,"21":0,"22":0,"23":0,"24":0,"25":0,"26":0,"27":0,"28":0,"29":0,"30":0,"31":0,"32":0,"33":0,"34":0,"35":0,"36":0,"37":0,"38":0,"39":0,"40":0,"41":0,"42":0,"43":0,"44":0,"45":0,"46":0,"47":0,"48":0,"49":2},"f":{"0":0,"1":0,"2":0,"3":0,"4":0,"5":0,"6":0,"7":0,"8":0,"9":0,"10":0,"11":0,"12":0,"13":0,"14":0,"15":0,"16":0,"17":0},"b":{"0":[0,0],"1":[0,0],"2":[0,0],"3":[0,0],"4":[0,0],"5":[0,0],"6":[0,0]},"_coverageSchema":"1a1c01bbd47fc00a2c39e90264f33305004495a9","hash":"dda8dc4158b4a964265533df04c4204c770311f5"}
,"/Users/jan/Hacktiv8/phase2/week3/ecommerce/ecommerce-server/controllers/CategoryController.js": {"path":"/Users/jan/Hacktiv8/phase2/week3/ecommerce/ecommerce-server/controllers/CategoryController.js","statementMap":{"0":{"start":{"line":1,"column":21},"end":{"line":1,"column":41}},"1":{"start":{"line":6,"column":4},"end":{"line":16,"column":9}},"2":{"start":{"line":12,"column":8},"end":{"line":12,"column":39}},"3":{"start":{"line":15,"column":8},"end":{"line":15,"column":18}},"4":{"start":{"line":20,"column":0},"end":{"line":20,"column":36}}},"fnMap":{"0":{"name":"(anonymous_0)","decl":{"start":{"line":5,"column":2},"end":{"line":5,"column":3}},"loc":{"start":{"line":5,"column":38},"end":{"line":17,"column":3}},"line":5},"1":{"name":"(anonymous_1)","decl":{"start":{"line":11,"column":12},"end":{"line":11,"column":13}},"loc":{"start":{"line":11,"column":26},"end":{"line":13,"column":7}},"line":11},"2":{"name":"(anonymous_2)","decl":{"start":{"line":14,"column":13},"end":{"line":14,"column":14}},"loc":{"start":{"line":14,"column":22},"end":{"line":16,"column":7}},"line":14}},"branchMap":{},"s":{"0":2,"1":0,"2":0,"3":0,"4":2},"f":{"0":0,"1":0,"2":0},"b":{},"_coverageSchema":"1a1c01bbd47fc00a2c39e90264f33305004495a9","hash":"b05a130a31792400b7255861de68d2ca1469bd1a"}
,"/Users/jan/Hacktiv8/phase2/week3/ecommerce/ecommerce-server/controllers/ProductController.js": {"path":"/Users/jan/Hacktiv8/phase2/week3/ecommerce/ecommerce-server/controllers/ProductController.js","statementMap":{"0":{"start":{"line":1,"column":30},"end":{"line":1,"column":50}},"1":{"start":{"line":5,"column":58},"end":{"line":5,"column":66}},"2":{"start":{"line":7,"column":4},"end":{"line":19,"column":9}},"3":{"start":{"line":15,"column":8},"end":{"line":15,"column":39}},"4":{"start":{"line":18,"column":8},"end":{"line":18,"column":18}},"5":{"start":{"line":23,"column":4},"end":{"line":42,"column":9}},"6":{"start":{"line":38,"column":8},"end":{"line":38,"column":39}},"7":{"start":{"line":41,"column":8},"end":{"line":41,"column":18}},"8":{"start":{"line":46,"column":15},"end":{"line":46,"column":29}},"9":{"start":{"line":48,"column":4},"end":{"line":64,"column":7}},"10":{"start":{"line":59,"column":6},"end":{"line":63,"column":7}},"11":{"start":{"line":60,"column":8},"end":{"line":60,"column":42}},"12":{"start":{"line":62,"column":8},"end":{"line":62,"column":38}},"13":{"start":{"line":68,"column":15},"end":{"line":68,"column":29}},"14":{"start":{"line":69,"column":58},"end":{"line":69,"column":66}},"15":{"start":{"line":71,"column":4},"end":{"line":93,"column":9}},"16":{"start":{"line":85,"column":8},"end":{"line":89,"column":9}},"17":{"start":{"line":86,"column":10},"end":{"line":86,"column":37}},"18":{"start":{"line":88,"column":10},"end":{"line":88,"column":47}},"19":{"start":{"line":92,"column":8},"end":{"line":92,"column":18}},"20":{"start":{"line":97,"column":15},"end":{"line":97,"column":29}},"21":{"start":{"line":99,"column":4},"end":{"line":109,"column":9}},"22":{"start":{"line":101,"column":8},"end":{"line":105,"column":9}},"23":{"start":{"line":102,"column":10},"end":{"line":102,"column":37}},"24":{"start":{"line":104,"column":10},"end":{"line":104,"column":72}},"25":{"start":{"line":108,"column":8},"end":{"line":108,"column":18}},"26":{"start":{"line":113,"column":0},"end":{"line":113,"column":35}}},"fnMap":{"0":{"name":"(anonymous_0)","decl":{"start":{"line":4,"column":2},"end":{"line":4,"column":3}},"loc":{"start":{"line":4,"column":36},"end":{"line":20,"column":3}},"line":4},"1":{"name":"(anonymous_1)","decl":{"start":{"line":14,"column":12},"end":{"line":14,"column":13}},"loc":{"start":{"line":14,"column":26},"end":{"line":16,"column":7}},"line":14},"2":{"name":"(anonymous_2)","decl":{"start":{"line":17,"column":13},"end":{"line":17,"column":14}},"loc":{"start":{"line":17,"column":22},"end":{"line":19,"column":7}},"line":17},"3":{"name":"(anonymous_3)","decl":{"start":{"line":22,"column":2},"end":{"line":22,"column":3}},"loc":{"start":{"line":22,"column":37},"end":{"line":43,"column":3}},"line":22},"4":{"name":"(anonymous_4)","decl":{"start":{"line":37,"column":12},"end":{"line":37,"column":13}},"loc":{"start":{"line":37,"column":26},"end":{"line":39,"column":7}},"line":37},"5":{"name":"(anonymous_5)","decl":{"start":{"line":40,"column":13},"end":{"line":40,"column":14}},"loc":{"start":{"line":40,"column":22},"end":{"line":42,"column":7}},"line":40},"6":{"name":"(anonymous_6)","decl":{"start":{"line":45,"column":2},"end":{"line":45,"column":3}},"loc":{"start":{"line":45,"column":37},"end":{"line":65,"column":3}},"line":45},"7":{"name":"(anonymous_7)","decl":{"start":{"line":58,"column":12},"end":{"line":58,"column":13}},"loc":{"start":{"line":58,"column":25},"end":{"line":64,"column":5}},"line":58},"8":{"name":"(anonymous_8)","decl":{"start":{"line":67,"column":2},"end":{"line":67,"column":3}},"loc":{"start":{"line":67,"column":39},"end":{"line":94,"column":3}},"line":67},"9":{"name":"(anonymous_9)","decl":{"start":{"line":84,"column":12},"end":{"line":84,"column":13}},"loc":{"start":{"line":84,"column":26},"end":{"line":90,"column":7}},"line":84},"10":{"name":"(anonymous_10)","decl":{"start":{"line":91,"column":13},"end":{"line":91,"column":14}},"loc":{"start":{"line":91,"column":22},"end":{"line":93,"column":7}},"line":91},"11":{"name":"(anonymous_11)","decl":{"start":{"line":96,"column":2},"end":{"line":96,"column":3}},"loc":{"start":{"line":96,"column":39},"end":{"line":110,"column":3}},"line":96},"12":{"name":"(anonymous_12)","decl":{"start":{"line":100,"column":12},"end":{"line":100,"column":13}},"loc":{"start":{"line":100,"column":26},"end":{"line":106,"column":7}},"line":100},"13":{"name":"(anonymous_13)","decl":{"start":{"line":107,"column":13},"end":{"line":107,"column":14}},"loc":{"start":{"line":107,"column":22},"end":{"line":109,"column":7}},"line":107}},"branchMap":{"0":{"loc":{"start":{"line":59,"column":6},"end":{"line":63,"column":7}},"type":"if","locations":[{"start":{"line":59,"column":6},"end":{"line":63,"column":7}},{"start":{"line":59,"column":6},"end":{"line":63,"column":7}}],"line":59},"1":{"loc":{"start":{"line":85,"column":8},"end":{"line":89,"column":9}},"type":"if","locations":[{"start":{"line":85,"column":8},"end":{"line":89,"column":9}},{"start":{"line":85,"column":8},"end":{"line":89,"column":9}}],"line":85},"2":{"loc":{"start":{"line":101,"column":8},"end":{"line":105,"column":9}},"type":"if","locations":[{"start":{"line":101,"column":8},"end":{"line":105,"column":9}},{"start":{"line":101,"column":8},"end":{"line":105,"column":9}}],"line":101}},"s":{"0":2,"1":6,"2":6,"3":2,"4":4,"5":4,"6":4,"7":0,"8":5,"9":5,"10":5,"11":4,"12":1,"13":7,"14":7,"15":7,"16":3,"17":1,"18":2,"19":4,"20":2,"21":2,"22":2,"23":1,"24":1,"25":0,"26":2},"f":{"0":6,"1":2,"2":4,"3":4,"4":4,"5":0,"6":5,"7":5,"8":7,"9":3,"10":4,"11":2,"12":2,"13":0},"b":{"0":[4,1],"1":[1,2],"2":[1,1]},"_coverageSchema":"1a1c01bbd47fc00a2c39e90264f33305004495a9","hash":"f9f5bcbc86935108ce39e09e97a520526f60fe11"}
,"/Users/jan/Hacktiv8/phase2/week3/ecommerce/ecommerce-server/controllers/UserController.js": {"path":"/Users/jan/Hacktiv8/phase2/week3/ecommerce/ecommerce-server/controllers/UserController.js","statementMap":{"0":{"start":{"line":1,"column":17},"end":{"line":1,"column":37}},"1":{"start":{"line":2,"column":26},"end":{"line":2,"column":54}},"2":{"start":{"line":3,"column":24},"end":{"line":3,"column":58}},"3":{"start":{"line":7,"column":32},"end":{"line":7,"column":40}},"4":{"start":{"line":9,"column":4},"end":{"line":28,"column":33}},"5":{"start":{"line":14,"column":24},"end":{"line":18,"column":9}},"6":{"start":{"line":20,"column":29},"end":{"line":20,"column":49}},"7":{"start":{"line":21,"column":8},"end":{"line":26,"column":11}},"8":{"start":{"line":28,"column":22},"end":{"line":28,"column":31}},"9":{"start":{"line":32,"column":32},"end":{"line":32,"column":40}},"10":{"start":{"line":34,"column":4},"end":{"line":34,"column":42}},"11":{"start":{"line":34,"column":16},"end":{"line":34,"column":42}},"12":{"start":{"line":35,"column":4},"end":{"line":35,"column":48}},"13":{"start":{"line":35,"column":19},"end":{"line":35,"column":48}},"14":{"start":{"line":37,"column":4},"end":{"line":65,"column":9}},"15":{"start":{"line":41,"column":8},"end":{"line":61,"column":9}},"16":{"start":{"line":41,"column":23},"end":{"line":41,"column":60}},"17":{"start":{"line":43,"column":10},"end":{"line":60,"column":11}},"18":{"start":{"line":44,"column":12},"end":{"line":44,"column":49}},"19":{"start":{"line":47,"column":28},"end":{"line":51,"column":13}},"20":{"start":{"line":53,"column":33},"end":{"line":53,"column":53}},"21":{"start":{"line":54,"column":12},"end":{"line":59,"column":15}},"22":{"start":{"line":64,"column":8},"end":{"line":64,"column":18}},"23":{"start":{"line":69,"column":32},"end":{"line":69,"column":40}},"24":{"start":{"line":71,"column":4},"end":{"line":71,"column":42}},"25":{"start":{"line":71,"column":16},"end":{"line":71,"column":42}},"26":{"start":{"line":72,"column":4},"end":{"line":72,"column":48}},"27":{"start":{"line":72,"column":19},"end":{"line":72,"column":48}},"28":{"start":{"line":74,"column":4},"end":{"line":103,"column":9}},"29":{"start":{"line":78,"column":8},"end":{"line":99,"column":9}},"30":{"start":{"line":78,"column":23},"end":{"line":78,"column":60}},"31":{"start":{"line":80,"column":10},"end":{"line":98,"column":11}},"32":{"start":{"line":81,"column":12},"end":{"line":81,"column":49}},"33":{"start":{"line":82,"column":17},"end":{"line":98,"column":11}},"34":{"start":{"line":83,"column":12},"end":{"line":83,"column":43}},"35":{"start":{"line":85,"column":28},"end":{"line":89,"column":13}},"36":{"start":{"line":91,"column":33},"end":{"line":91,"column":53}},"37":{"start":{"line":92,"column":12},"end":{"line":97,"column":15}},"38":{"start":{"line":102,"column":8},"end":{"line":102,"column":18}},"39":{"start":{"line":111,"column":0},"end":{"line":111,"column":32}}},"fnMap":{"0":{"name":"(anonymous_0)","decl":{"start":{"line":6,"column":2},"end":{"line":6,"column":3}},"loc":{"start":{"line":6,"column":34},"end":{"line":29,"column":3}},"line":6},"1":{"name":"(anonymous_1)","decl":{"start":{"line":13,"column":12},"end":{"line":13,"column":13}},"loc":{"start":{"line":13,"column":26},"end":{"line":27,"column":7}},"line":13},"2":{"name":"(anonymous_2)","decl":{"start":{"line":28,"column":13},"end":{"line":28,"column":14}},"loc":{"start":{"line":28,"column":22},"end":{"line":28,"column":31}},"line":28},"3":{"name":"(anonymous_3)","decl":{"start":{"line":31,"column":2},"end":{"line":31,"column":3}},"loc":{"start":{"line":31,"column":31},"end":{"line":66,"column":3}},"line":31},"4":{"name":"(anonymous_4)","decl":{"start":{"line":40,"column":12},"end":{"line":40,"column":13}},"loc":{"start":{"line":40,"column":26},"end":{"line":62,"column":7}},"line":40},"5":{"name":"(anonymous_5)","decl":{"start":{"line":63,"column":13},"end":{"line":63,"column":14}},"loc":{"start":{"line":63,"column":22},"end":{"line":65,"column":7}},"line":63},"6":{"name":"(anonymous_6)","decl":{"start":{"line":68,"column":2},"end":{"line":68,"column":3}},"loc":{"start":{"line":68,"column":34},"end":{"line":104,"column":3}},"line":68},"7":{"name":"(anonymous_7)","decl":{"start":{"line":77,"column":12},"end":{"line":77,"column":13}},"loc":{"start":{"line":77,"column":26},"end":{"line":100,"column":7}},"line":77},"8":{"name":"(anonymous_8)","decl":{"start":{"line":101,"column":13},"end":{"line":101,"column":14}},"loc":{"start":{"line":101,"column":22},"end":{"line":103,"column":7}},"line":101},"9":{"name":"(anonymous_9)","decl":{"start":{"line":106,"column":2},"end":{"line":106,"column":3}},"loc":{"start":{"line":106,"column":33},"end":{"line":108,"column":3}},"line":106}},"branchMap":{"0":{"loc":{"start":{"line":34,"column":4},"end":{"line":34,"column":42}},"type":"if","locations":[{"start":{"line":34,"column":4},"end":{"line":34,"column":42}},{"start":{"line":34,"column":4},"end":{"line":34,"column":42}}],"line":34},"1":{"loc":{"start":{"line":35,"column":4},"end":{"line":35,"column":48}},"type":"if","locations":[{"start":{"line":35,"column":4},"end":{"line":35,"column":48}},{"start":{"line":35,"column":4},"end":{"line":35,"column":48}}],"line":35},"2":{"loc":{"start":{"line":41,"column":8},"end":{"line":61,"column":9}},"type":"if","locations":[{"start":{"line":41,"column":8},"end":{"line":61,"column":9}},{"start":{"line":41,"column":8},"end":{"line":61,"column":9}}],"line":41},"3":{"loc":{"start":{"line":43,"column":10},"end":{"line":60,"column":11}},"type":"if","locations":[{"start":{"line":43,"column":10},"end":{"line":60,"column":11}},{"start":{"line":43,"column":10},"end":{"line":60,"column":11}}],"line":43},"4":{"loc":{"start":{"line":71,"column":4},"end":{"line":71,"column":42}},"type":"if","locations":[{"start":{"line":71,"column":4},"end":{"line":71,"column":42}},{"start":{"line":71,"column":4},"end":{"line":71,"column":42}}],"line":71},"5":{"loc":{"start":{"line":72,"column":4},"end":{"line":72,"column":48}},"type":"if","locations":[{"start":{"line":72,"column":4},"end":{"line":72,"column":48}},{"start":{"line":72,"column":4},"end":{"line":72,"column":48}}],"line":72},"6":{"loc":{"start":{"line":78,"column":8},"end":{"line":99,"column":9}},"type":"if","locations":[{"start":{"line":78,"column":8},"end":{"line":99,"column":9}},{"start":{"line":78,"column":8},"end":{"line":99,"column":9}}],"line":78},"7":{"loc":{"start":{"line":80,"column":10},"end":{"line":98,"column":11}},"type":"if","locations":[{"start":{"line":80,"column":10},"end":{"line":98,"column":11}},{"start":{"line":80,"column":10},"end":{"line":98,"column":11}}],"line":80},"8":{"loc":{"start":{"line":82,"column":17},"end":{"line":98,"column":11}},"type":"if","locations":[{"start":{"line":82,"column":17},"end":{"line":98,"column":11}},{"start":{"line":82,"column":17},"end":{"line":98,"column":11}}],"line":82}},"s":{"0":2,"1":2,"2":2,"3":0,"4":0,"5":0,"6":0,"7":0,"8":0,"9":6,"10":6,"11":1,"12":6,"13":2,"14":6,"15":6,"16":2,"17":4,"18":2,"19":2,"20":2,"21":2,"22":0,"23":0,"24":0,"25":0,"26":0,"27":0,"28":0,"29":0,"30":0,"31":0,"32":0,"33":0,"34":0,"35":0,"36":0,"37":0,"38":0,"39":2},"f":{"0":0,"1":0,"2":0,"3":6,"4":6,"5":0,"6":0,"7":0,"8":0,"9":0},"b":{"0":[1,5],"1":[2,4],"2":[2,4],"3":[2,2],"4":[0,0],"5":[0,0],"6":[0,0],"7":[0,0],"8":[0,0]},"_coverageSchema":"1a1c01bbd47fc00a2c39e90264f33305004495a9","hash":"bce30d29b4e0c1cfba10a03db17d6c30fe791bd3"}
,"/Users/jan/Hacktiv8/phase2/week3/ecommerce/ecommerce-server/helpers/bcrypt.js": {"path":"/Users/jan/Hacktiv8/phase2/week3/ecommerce/ecommerce-server/helpers/bcrypt.js","statementMap":{"0":{"start":{"line":1,"column":15},"end":{"line":1,"column":34}},"1":{"start":{"line":4,"column":15},"end":{"line":4,"column":37}},"2":{"start":{"line":5,"column":2},"end":{"line":5,"column":41}},"3":{"start":{"line":9,"column":2},"end":{"line":9,"column":45}},"4":{"start":{"line":12,"column":0},"end":{"line":12,"column":49}}},"fnMap":{"0":{"name":"hashPassword","decl":{"start":{"line":3,"column":9},"end":{"line":3,"column":21}},"loc":{"start":{"line":3,"column":32},"end":{"line":6,"column":1}},"line":3},"1":{"name":"checkPassword","decl":{"start":{"line":8,"column":9},"end":{"line":8,"column":22}},"loc":{"start":{"line":8,"column":41},"end":{"line":10,"column":1}},"line":8}},"branchMap":{},"s":{"0":2,"1":0,"2":0,"3":4,"4":2},"f":{"0":0,"1":4},"b":{},"_coverageSchema":"1a1c01bbd47fc00a2c39e90264f33305004495a9","hash":"131ff743b2b450ab8b0fee63da539a5c702d18ba"}
,"/Users/jan/Hacktiv8/phase2/week3/ecommerce/ecommerce-server/helpers/jsonwebtoken.js": {"path":"/Users/jan/Hacktiv8/phase2/week3/ecommerce/ecommerce-server/helpers/jsonwebtoken.js","statementMap":{"0":{"start":{"line":1,"column":12},"end":{"line":1,"column":35}},"1":{"start":{"line":2,"column":19},"end":{"line":2,"column":41}},"2":{"start":{"line":5,"column":2},"end":{"line":5,"column":39}},"3":{"start":{"line":9,"column":2},"end":{"line":9,"column":39}},"4":{"start":{"line":12,"column":0},"end":{"line":12,"column":45}}},"fnMap":{"0":{"name":"createToken","decl":{"start":{"line":4,"column":9},"end":{"line":4,"column":20}},"loc":{"start":{"line":4,"column":30},"end":{"line":6,"column":1}},"line":4},"1":{"name":"checkToken","decl":{"start":{"line":8,"column":9},"end":{"line":8,"column":19}},"loc":{"start":{"line":8,"column":27},"end":{"line":10,"column":1}},"line":8}},"branchMap":{},"s":{"0":2,"1":2,"2":2,"3":24,"4":2},"f":{"0":2,"1":24},"b":{},"_coverageSchema":"1a1c01bbd47fc00a2c39e90264f33305004495a9","hash":"2b039b414854e74e6187ba2162c6fed99ca86ae8"}
,"/Users/jan/Hacktiv8/phase2/week3/ecommerce/ecommerce-server/middlewares/auth.js": {"path":"/Users/jan/Hacktiv8/phase2/week3/ecommerce/ecommerce-server/middlewares/auth.js","statementMap":{"0":{"start":{"line":1,"column":23},"end":{"line":1,"column":57}},"1":{"start":{"line":2,"column":23},"end":{"line":2,"column":43}},"2":{"start":{"line":5,"column":2},"end":{"line":7,"column":3}},"3":{"start":{"line":6,"column":4},"end":{"line":6,"column":30}},"4":{"start":{"line":8,"column":2},"end":{"line":29,"column":3}},"5":{"start":{"line":9,"column":20},"end":{"line":9,"column":56}},"6":{"start":{"line":10,"column":4},"end":{"line":12,"column":5}},"7":{"start":{"line":11,"column":6},"end":{"line":11,"column":37}},"8":{"start":{"line":14,"column":4},"end":{"line":26,"column":7}},"9":{"start":{"line":15,"column":6},"end":{"line":25,"column":7}},"10":{"start":{"line":16,"column":8},"end":{"line":16,"column":39}},"11":{"start":{"line":18,"column":24},"end":{"line":22,"column":9}},"12":{"start":{"line":23,"column":8},"end":{"line":23,"column":27}},"13":{"start":{"line":24,"column":8},"end":{"line":24,"column":15}},"14":{"start":{"line":28,"column":4},"end":{"line":28,"column":35}},"15":{"start":{"line":33,"column":2},"end":{"line":35,"column":3}},"16":{"start":{"line":34,"column":4},"end":{"line":34,"column":30}},"17":{"start":{"line":36,"column":2},"end":{"line":59,"column":3}},"18":{"start":{"line":37,"column":20},"end":{"line":37,"column":56}},"19":{"start":{"line":38,"column":4},"end":{"line":42,"column":5}},"20":{"start":{"line":39,"column":6},"end":{"line":39,"column":37}},"21":{"start":{"line":40,"column":11},"end":{"line":42,"column":5}},"22":{"start":{"line":41,"column":6},"end":{"line":41,"column":37}},"23":{"start":{"line":44,"column":4},"end":{"line":56,"column":7}},"24":{"start":{"line":45,"column":6},"end":{"line":55,"column":7}},"25":{"start":{"line":46,"column":8},"end":{"line":46,"column":46}},"26":{"start":{"line":48,"column":24},"end":{"line":52,"column":9}},"27":{"start":{"line":53,"column":8},"end":{"line":53,"column":27}},"28":{"start":{"line":54,"column":8},"end":{"line":54,"column":15}},"29":{"start":{"line":58,"column":4},"end":{"line":58,"column":35}},"30":{"start":{"line":63,"column":13},"end":{"line":63,"column":27}},"31":{"start":{"line":65,"column":2},"end":{"line":78,"column":31}},"32":{"start":{"line":69,"column":6},"end":{"line":76,"column":7}},"33":{"start":{"line":70,"column":8},"end":{"line":70,"column":36}},"34":{"start":{"line":72,"column":11},"end":{"line":76,"column":7}},"35":{"start":{"line":73,"column":8},"end":{"line":73,"column":39}},"36":{"start":{"line":75,"column":8},"end":{"line":75,"column":15}},"37":{"start":{"line":78,"column":20},"end":{"line":78,"column":29}},"38":{"start":{"line":81,"column":0},"end":{"line":81,"column":75}}},"fnMap":{"0":{"name":"authenticateGeneral","decl":{"start":{"line":4,"column":9},"end":{"line":4,"column":28}},"loc":{"start":{"line":4,"column":45},"end":{"line":30,"column":1}},"line":4},"1":{"name":"(anonymous_1)","decl":{"start":{"line":14,"column":35},"end":{"line":14,"column":36}},"loc":{"start":{"line":14,"column":45},"end":{"line":26,"column":5}},"line":14},"2":{"name":"authenticateAdmin","decl":{"start":{"line":32,"column":9},"end":{"line":32,"column":26}},"loc":{"start":{"line":32,"column":43},"end":{"line":60,"column":1}},"line":32},"3":{"name":"(anonymous_3)","decl":{"start":{"line":44,"column":35},"end":{"line":44,"column":36}},"loc":{"start":{"line":44,"column":45},"end":{"line":56,"column":5}},"line":44},"4":{"name":"authorizeCart","decl":{"start":{"line":62,"column":9},"end":{"line":62,"column":22}},"loc":{"start":{"line":62,"column":39},"end":{"line":79,"column":1}},"line":62},"5":{"name":"(anonymous_5)","decl":{"start":{"line":68,"column":10},"end":{"line":68,"column":11}},"loc":{"start":{"line":68,"column":24},"end":{"line":77,"column":5}},"line":68},"6":{"name":"(anonymous_6)","decl":{"start":{"line":78,"column":11},"end":{"line":78,"column":12}},"loc":{"start":{"line":78,"column":20},"end":{"line":78,"column":29}},"line":78}},"branchMap":{"0":{"loc":{"start":{"line":5,"column":2},"end":{"line":7,"column":3}},"type":"if","locations":[{"start":{"line":5,"column":2},"end":{"line":7,"column":3}},{"start":{"line":5,"column":2},"end":{"line":7,"column":3}}],"line":5},"1":{"loc":{"start":{"line":10,"column":4},"end":{"line":12,"column":5}},"type":"if","locations":[{"start":{"line":10,"column":4},"end":{"line":12,"column":5}},{"start":{"line":10,"column":4},"end":{"line":12,"column":5}}],"line":10},"2":{"loc":{"start":{"line":10,"column":8},"end":{"line":10,"column":37}},"type":"binary-expr","locations":[{"start":{"line":10,"column":8},"end":{"line":10,"column":19}},{"start":{"line":10,"column":23},"end":{"line":10,"column":37}}],"line":10},"3":{"loc":{"start":{"line":15,"column":6},"end":{"line":25,"column":7}},"type":"if","locations":[{"start":{"line":15,"column":6},"end":{"line":25,"column":7}},{"start":{"line":15,"column":6},"end":{"line":25,"column":7}}],"line":15},"4":{"loc":{"start":{"line":15,"column":10},"end":{"line":15,"column":47}},"type":"binary-expr","locations":[{"start":{"line":15,"column":10},"end":{"line":15,"column":15}},{"start":{"line":15,"column":19},"end":{"line":15,"column":47}}],"line":15},"5":{"loc":{"start":{"line":33,"column":2},"end":{"line":35,"column":3}},"type":"if","locations":[{"start":{"line":33,"column":2},"end":{"line":35,"column":3}},{"start":{"line":33,"column":2},"end":{"line":35,"column":3}}],"line":33},"6":{"loc":{"start":{"line":38,"column":4},"end":{"line":42,"column":5}},"type":"if","locations":[{"start":{"line":38,"column":4},"end":{"line":42,"column":5}},{"start":{"line":38,"column":4},"end":{"line":42,"column":5}}],"line":38},"7":{"loc":{"start":{"line":38,"column":8},"end":{"line":38,"column":37}},"type":"binary-expr","locations":[{"start":{"line":38,"column":8},"end":{"line":38,"column":19}},{"start":{"line":38,"column":23},"end":{"line":38,"column":37}}],"line":38},"8":{"loc":{"start":{"line":40,"column":11},"end":{"line":42,"column":5}},"type":"if","locations":[{"start":{"line":40,"column":11},"end":{"line":42,"column":5}},{"start":{"line":40,"column":11},"end":{"line":42,"column":5}}],"line":40},"9":{"loc":{"start":{"line":45,"column":6},"end":{"line":55,"column":7}},"type":"if","locations":[{"start":{"line":45,"column":6},"end":{"line":55,"column":7}},{"start":{"line":45,"column":6},"end":{"line":55,"column":7}}],"line":45},"10":{"loc":{"start":{"line":45,"column":10},"end":{"line":45,"column":47}},"type":"binary-expr","locations":[{"start":{"line":45,"column":10},"end":{"line":45,"column":15}},{"start":{"line":45,"column":19},"end":{"line":45,"column":47}}],"line":45},"11":{"loc":{"start":{"line":69,"column":6},"end":{"line":76,"column":7}},"type":"if","locations":[{"start":{"line":69,"column":6},"end":{"line":76,"column":7}},{"start":{"line":69,"column":6},"end":{"line":76,"column":7}}],"line":69},"12":{"loc":{"start":{"line":72,"column":11},"end":{"line":76,"column":7}},"type":"if","locations":[{"start":{"line":72,"column":11},"end":{"line":76,"column":7}},{"start":{"line":72,"column":11},"end":{"line":76,"column":7}}],"line":72}},"s":{"0":2,"1":2,"2":0,"3":0,"4":0,"5":0,"6":0,"7":0,"8":0,"9":0,"10":0,"11":0,"12":0,"13":0,"14":0,"15":24,"16":3,"17":24,"18":24,"19":18,"20":0,"21":18,"22":3,"23":18,"24":18,"25":3,"26":15,"27":15,"28":15,"29":6,"30":0,"31":0,"32":0,"33":0,"34":0,"35":0,"36":0,"37":0,"38":2},"f":{"0":0,"1":0,"2":24,"3":18,"4":0,"5":0,"6":0},"b":{"0":[0,0],"1":[0,0],"2":[0,0],"3":[0,0],"4":[0,0],"5":[3,21],"6":[0,18],"7":[18,18],"8":[3,15],"9":[3,15],"10":[18,15],"11":[0,0],"12":[0,0]},"_coverageSchema":"1a1c01bbd47fc00a2c39e90264f33305004495a9","hash":"9d3c5f1535c0edf2ef351421cae3f692e71227e2"}
,"/Users/jan/Hacktiv8/phase2/week3/ecommerce/ecommerce-server/middlewares/errorHandler.js": {"path":"/Users/jan/Hacktiv8/phase2/week3/ecommerce/ecommerce-server/middlewares/errorHandler.js","statementMap":{"0":{"start":{"line":2,"column":2},"end":{"line":82,"column":3}},"1":{"start":{"line":4,"column":21},"end":{"line":4,"column":53}},"2":{"start":{"line":4,"column":43},"end":{"line":4,"column":52}},"3":{"start":{"line":5,"column":6},"end":{"line":5,"column":49}},"4":{"start":{"line":6,"column":6},"end":{"line":6,"column":12}},"5":{"start":{"line":9,"column":24},"end":{"line":9,"column":56}},"6":{"start":{"line":9,"column":46},"end":{"line":9,"column":55}},"7":{"start":{"line":10,"column":6},"end":{"line":10,"column":52}},"8":{"start":{"line":11,"column":6},"end":{"line":11,"column":12}},"9":{"start":{"line":14,"column":6},"end":{"line":16,"column":9}},"10":{"start":{"line":17,"column":6},"end":{"line":17,"column":12}},"11":{"start":{"line":20,"column":6},"end":{"line":22,"column":9}},"12":{"start":{"line":23,"column":6},"end":{"line":23,"column":12}},"13":{"start":{"line":26,"column":6},"end":{"line":28,"column":9}},"14":{"start":{"line":29,"column":6},"end":{"line":29,"column":12}},"15":{"start":{"line":32,"column":6},"end":{"line":34,"column":9}},"16":{"start":{"line":35,"column":6},"end":{"line":35,"column":12}},"17":{"start":{"line":38,"column":6},"end":{"line":40,"column":9}},"18":{"start":{"line":41,"column":6},"end":{"line":41,"column":12}},"19":{"start":{"line":44,"column":6},"end":{"line":46,"column":9}},"20":{"start":{"line":47,"column":6},"end":{"line":47,"column":12}},"21":{"start":{"line":50,"column":6},"end":{"line":52,"column":9}},"22":{"start":{"line":53,"column":6},"end":{"line":53,"column":12}},"23":{"start":{"line":56,"column":6},"end":{"line":58,"column":9}},"24":{"start":{"line":59,"column":6},"end":{"line":59,"column":12}},"25":{"start":{"line":62,"column":6},"end":{"line":64,"column":9}},"26":{"start":{"line":65,"column":6},"end":{"line":65,"column":12}},"27":{"start":{"line":68,"column":6},"end":{"line":70,"column":9}},"28":{"start":{"line":71,"column":6},"end":{"line":71,"column":12}},"29":{"start":{"line":74,"column":6},"end":{"line":76,"column":9}},"30":{"start":{"line":77,"column":6},"end":{"line":77,"column":12}},"31":{"start":{"line":80,"column":6},"end":{"line":80,"column":36}},"32":{"start":{"line":81,"column":6},"end":{"line":81,"column":12}},"33":{"start":{"line":85,"column":0},"end":{"line":85,"column":30}}},"fnMap":{"0":{"name":"errorHandler","decl":{"start":{"line":1,"column":9},"end":{"line":1,"column":21}},"loc":{"start":{"line":1,"column":43},"end":{"line":83,"column":1}},"line":1},"1":{"name":"(anonymous_1)","decl":{"start":{"line":4,"column":36},"end":{"line":4,"column":37}},"loc":{"start":{"line":4,"column":43},"end":{"line":4,"column":52}},"line":4},"2":{"name":"(anonymous_2)","decl":{"start":{"line":9,"column":39},"end":{"line":9,"column":40}},"loc":{"start":{"line":9,"column":46},"end":{"line":9,"column":55}},"line":9}},"branchMap":{"0":{"loc":{"start":{"line":2,"column":2},"end":{"line":82,"column":3}},"type":"switch","locations":[{"start":{"line":3,"column":4},"end":{"line":6,"column":12}},{"start":{"line":8,"column":4},"end":{"line":11,"column":12}},{"start":{"line":13,"column":4},"end":{"line":17,"column":12}},{"start":{"line":19,"column":4},"end":{"line":23,"column":12}},{"start":{"line":25,"column":4},"end":{"line":29,"column":12}},{"start":{"line":31,"column":4},"end":{"line":35,"column":12}},{"start":{"line":37,"column":4},"end":{"line":41,"column":12}},{"start":{"line":43,"column":4},"end":{"line":47,"column":12}},{"start":{"line":49,"column":4},"end":{"line":53,"column":12}},{"start":{"line":55,"column":4},"end":{"line":59,"column":12}},{"start":{"line":61,"column":4},"end":{"line":65,"column":12}},{"start":{"line":67,"column":4},"end":{"line":71,"column":12}},{"start":{"line":73,"column":4},"end":{"line":77,"column":12}},{"start":{"line":79,"column":4},"end":{"line":81,"column":12}}],"line":2}},"s":{"0":27,"1":8,"2":10,"3":8,"4":8,"5":0,"6":0,"7":0,"8":0,"9":1,"10":1,"11":1,"12":1,"13":2,"14":2,"15":3,"16":3,"17":3,"18":3,"19":3,"20":3,"21":4,"22":4,"23":2,"24":2,"25":0,"26":0,"27":0,"28":0,"29":0,"30":0,"31":0,"32":0,"33":2},"f":{"0":27,"1":10,"2":0},"b":{"0":[8,0,1,1,2,3,3,3,4,2,0,0,0,0]},"_coverageSchema":"1a1c01bbd47fc00a2c39e90264f33305004495a9","hash":"bb883e84e6f6ceeea452d9967d649471436c2b7a"}
,"/Users/jan/Hacktiv8/phase2/week3/ecommerce/ecommerce-server/models/cart.js": {"path":"/Users/jan/Hacktiv8/phase2/week3/ecommerce/ecommerce-server/models/cart.js","statementMap":{"0":{"start":{"line":4,"column":4},"end":{"line":4,"column":24}},"1":{"start":{"line":5,"column":0},"end":{"line":28,"column":2}},"2":{"start":{"line":14,"column":6},"end":{"line":14,"column":33}},"3":{"start":{"line":15,"column":6},"end":{"line":15,"column":36}},"4":{"start":{"line":18,"column":2},"end":{"line":26,"column":5}},"5":{"start":{"line":27,"column":2},"end":{"line":27,"column":14}}},"fnMap":{"0":{"name":"(anonymous_0)","decl":{"start":{"line":5,"column":17},"end":{"line":5,"column":18}},"loc":{"start":{"line":5,"column":43},"end":{"line":28,"column":1}},"line":5},"1":{"name":"(anonymous_1)","decl":{"start":{"line":12,"column":4},"end":{"line":12,"column":5}},"loc":{"start":{"line":12,"column":29},"end":{"line":16,"column":5}},"line":12}},"branchMap":{},"s":{"0":2,"1":2,"2":2,"3":2,"4":2,"5":2},"f":{"0":2,"1":2},"b":{},"_coverageSchema":"1a1c01bbd47fc00a2c39e90264f33305004495a9","hash":"5014ad1999e721b291f62bbec5e30ce8cec1773c"}
,"/Users/jan/Hacktiv8/phase2/week3/ecommerce/ecommerce-server/models/category.js": {"path":"/Users/jan/Hacktiv8/phase2/week3/ecommerce/ecommerce-server/models/category.js","statementMap":{"0":{"start":{"line":4,"column":4},"end":{"line":4,"column":24}},"1":{"start":{"line":5,"column":0},"end":{"line":28,"column":2}},"2":{"start":{"line":14,"column":6},"end":{"line":14,"column":38}},"3":{"start":{"line":17,"column":2},"end":{"line":26,"column":5}},"4":{"start":{"line":27,"column":2},"end":{"line":27,"column":18}}},"fnMap":{"0":{"name":"(anonymous_0)","decl":{"start":{"line":5,"column":17},"end":{"line":5,"column":18}},"loc":{"start":{"line":5,"column":43},"end":{"line":28,"column":1}},"line":5},"1":{"name":"(anonymous_1)","decl":{"start":{"line":12,"column":4},"end":{"line":12,"column":5}},"loc":{"start":{"line":12,"column":29},"end":{"line":15,"column":5}},"line":12}},"branchMap":{},"s":{"0":2,"1":2,"2":2,"3":2,"4":2},"f":{"0":2,"1":2},"b":{},"_coverageSchema":"1a1c01bbd47fc00a2c39e90264f33305004495a9","hash":"76dd66f75adb8bf63ac268d3a68f50b7fe39e605"}
,"/Users/jan/Hacktiv8/phase2/week3/ecommerce/ecommerce-server/models/index.js": {"path":"/Users/jan/Hacktiv8/phase2/week3/ecommerce/ecommerce-server/models/index.js","statementMap":{"0":{"start":{"line":3,"column":11},"end":{"line":3,"column":24}},"1":{"start":{"line":4,"column":13},"end":{"line":4,"column":28}},"2":{"start":{"line":5,"column":18},"end":{"line":5,"column":38}},"3":{"start":{"line":6,"column":17},"end":{"line":6,"column":42}},"4":{"start":{"line":7,"column":12},"end":{"line":7,"column":49}},"5":{"start":{"line":8,"column":15},"end":{"line":8,"column":63}},"6":{"start":{"line":9,"column":11},"end":{"line":9,"column":13}},"7":{"start":{"line":12,"column":0},"end":{"line":16,"column":1}},"8":{"start":{"line":13,"column":2},"end":{"line":13,"column":74}},"9":{"start":{"line":15,"column":2},"end":{"line":15,"column":87}},"10":{"start":{"line":18,"column":0},"end":{"line":26,"column":5}},"11":{"start":{"line":21,"column":4},"end":{"line":21,"column":90}},"12":{"start":{"line":24,"column":18},"end":{"line":24,"column":85}},"13":{"start":{"line":25,"column":4},"end":{"line":25,"column":27}},"14":{"start":{"line":28,"column":0},"end":{"line":32,"column":3}},"15":{"start":{"line":29,"column":2},"end":{"line":31,"column":3}},"16":{"start":{"line":30,"column":4},"end":{"line":30,"column":32}},"17":{"start":{"line":34,"column":0},"end":{"line":34,"column":25}},"18":{"start":{"line":35,"column":0},"end":{"line":35,"column":25}},"19":{"start":{"line":37,"column":0},"end":{"line":37,"column":20}}},"fnMap":{"0":{"name":"(anonymous_0)","decl":{"start":{"line":20,"column":10},"end":{"line":20,"column":11}},"loc":{"start":{"line":20,"column":18},"end":{"line":22,"column":3}},"line":20},"1":{"name":"(anonymous_1)","decl":{"start":{"line":23,"column":11},"end":{"line":23,"column":12}},"loc":{"start":{"line":23,"column":19},"end":{"line":26,"column":3}},"line":23},"2":{"name":"(anonymous_2)","decl":{"start":{"line":28,"column":24},"end":{"line":28,"column":25}},"loc":{"start":{"line":28,"column":37},"end":{"line":32,"column":1}},"line":28}},"branchMap":{"0":{"loc":{"start":{"line":7,"column":12},"end":{"line":7,"column":49}},"type":"binary-expr","locations":[{"start":{"line":7,"column":12},"end":{"line":7,"column":32}},{"start":{"line":7,"column":36},"end":{"line":7,"column":49}}],"line":7},"1":{"loc":{"start":{"line":12,"column":0},"end":{"line":16,"column":1}},"type":"if","locations":[{"start":{"line":12,"column":0},"end":{"line":16,"column":1}},{"start":{"line":12,"column":0},"end":{"line":16,"column":1}}],"line":12},"2":{"loc":{"start":{"line":21,"column":11},"end":{"line":21,"column":89}},"type":"binary-expr","locations":[{"start":{"line":21,"column":12},"end":{"line":21,"column":35}},{"start":{"line":21,"column":41},"end":{"line":21,"column":58}},{"start":{"line":21,"column":64},"end":{"line":21,"column":88}}],"line":21},"3":{"loc":{"start":{"line":29,"column":2},"end":{"line":31,"column":3}},"type":"if","locations":[{"start":{"line":29,"column":2},"end":{"line":31,"column":3}},{"start":{"line":29,"column":2},"end":{"line":31,"column":3}}],"line":29}},"s":{"0":2,"1":2,"2":2,"3":2,"4":2,"5":2,"6":2,"7":2,"8":0,"9":2,"10":2,"11":10,"12":8,"13":8,"14":2,"15":8,"16":8,"17":2,"18":2,"19":2},"f":{"0":10,"1":8,"2":8},"b":{"0":[2,0],"1":[0,2],"2":[10,10,8],"3":[8,0]},"_coverageSchema":"1a1c01bbd47fc00a2c39e90264f33305004495a9","hash":"58e8b3f17bd21d613f4cc5da983034a4fd38da3a"}
,"/Users/jan/Hacktiv8/phase2/week3/ecommerce/ecommerce-server/models/product.js": {"path":"/Users/jan/Hacktiv8/phase2/week3/ecommerce/ecommerce-server/models/product.js","statementMap":{"0":{"start":{"line":2,"column":18},"end":{"line":2,"column":38}},"1":{"start":{"line":6,"column":0},"end":{"line":88,"column":2}},"2":{"start":{"line":15,"column":6},"end":{"line":15,"column":41}},"3":{"start":{"line":16,"column":6},"end":{"line":19,"column":8}},"4":{"start":{"line":22,"column":2},"end":{"line":86,"column":4}},"5":{"start":{"line":87,"column":2},"end":{"line":87,"column":17}}},"fnMap":{"0":{"name":"(anonymous_0)","decl":{"start":{"line":6,"column":17},"end":{"line":6,"column":18}},"loc":{"start":{"line":6,"column":43},"end":{"line":88,"column":1}},"line":6},"1":{"name":"(anonymous_1)","decl":{"start":{"line":13,"column":4},"end":{"line":13,"column":5}},"loc":{"start":{"line":13,"column":29},"end":{"line":20,"column":5}},"line":13}},"branchMap":{},"s":{"0":2,"1":2,"2":2,"3":2,"4":2,"5":2},"f":{"0":2,"1":2},"b":{},"_coverageSchema":"1a1c01bbd47fc00a2c39e90264f33305004495a9","hash":"a83e2da469450270f0a2923705afb61ec0e8993d"}
,"/Users/jan/Hacktiv8/phase2/week3/ecommerce/ecommerce-server/models/user.js": {"path":"/Users/jan/Hacktiv8/phase2/week3/ecommerce/ecommerce-server/models/user.js","statementMap":{"0":{"start":{"line":2,"column":18},"end":{"line":2,"column":38}},"1":{"start":{"line":3,"column":25},"end":{"line":3,"column":53}},"2":{"start":{"line":4,"column":0},"end":{"line":61,"column":2}},"3":{"start":{"line":13,"column":6},"end":{"line":16,"column":9}},"4":{"start":{"line":19,"column":2},"end":{"line":59,"column":4}},"5":{"start":{"line":52,"column":10},"end":{"line":52,"column":62}},"6":{"start":{"line":53,"column":10},"end":{"line":53,"column":37}},"7":{"start":{"line":60,"column":2},"end":{"line":60,"column":14}}},"fnMap":{"0":{"name":"(anonymous_0)","decl":{"start":{"line":4,"column":17},"end":{"line":4,"column":18}},"loc":{"start":{"line":4,"column":43},"end":{"line":61,"column":1}},"line":4},"1":{"name":"(anonymous_1)","decl":{"start":{"line":11,"column":4},"end":{"line":11,"column":5}},"loc":{"start":{"line":11,"column":29},"end":{"line":17,"column":5}},"line":11},"2":{"name":"(anonymous_2)","decl":{"start":{"line":51,"column":8},"end":{"line":51,"column":9}},"loc":{"start":{"line":51,"column":40},"end":{"line":54,"column":9}},"line":51}},"branchMap":{},"s":{"0":2,"1":2,"2":2,"3":2,"4":2,"5":0,"6":0,"7":2},"f":{"0":2,"1":2,"2":0},"b":{},"_coverageSchema":"1a1c01bbd47fc00a2c39e90264f33305004495a9","hash":"28deec12664a4e347d922e453bf22230279ac1c9"}
,"/Users/jan/Hacktiv8/phase2/week3/ecommerce/ecommerce-server/routes/cartRouter.js": {"path":"/Users/jan/Hacktiv8/phase2/week3/ecommerce/ecommerce-server/routes/cartRouter.js","statementMap":{"0":{"start":{"line":1,"column":15},"end":{"line":1,"column":42}},"1":{"start":{"line":2,"column":23},"end":{"line":2,"column":63}},"2":{"start":{"line":3,"column":47},"end":{"line":3,"column":77}},"3":{"start":{"line":5,"column":0},"end":{"line":5,"column":32}},"4":{"start":{"line":6,"column":0},"end":{"line":6,"column":41}},"5":{"start":{"line":7,"column":0},"end":{"line":7,"column":41}},"6":{"start":{"line":10,"column":0},"end":{"line":10,"column":62}},"7":{"start":{"line":11,"column":0},"end":{"line":11,"column":64}},"8":{"start":{"line":12,"column":0},"end":{"line":12,"column":50}},"9":{"start":{"line":14,"column":0},"end":{"line":14,"column":24}}},"fnMap":{},"branchMap":{},"s":{"0":2,"1":2,"2":2,"3":2,"4":2,"5":2,"6":2,"7":2,"8":2,"9":2},"f":{},"b":{},"_coverageSchema":"1a1c01bbd47fc00a2c39e90264f33305004495a9","hash":"0dced4d76a05781a159da590053c451b812d7746"}
,"/Users/jan/Hacktiv8/phase2/week3/ecommerce/ecommerce-server/routes/categoryRouter.js": {"path":"/Users/jan/Hacktiv8/phase2/week3/ecommerce/ecommerce-server/routes/categoryRouter.js","statementMap":{"0":{"start":{"line":1,"column":15},"end":{"line":1,"column":42}},"1":{"start":{"line":2,"column":27},"end":{"line":2,"column":71}},"2":{"start":{"line":5,"column":0},"end":{"line":5,"column":49}},"3":{"start":{"line":11,"column":0},"end":{"line":11,"column":24}}},"fnMap":{},"branchMap":{},"s":{"0":2,"1":2,"2":2,"3":2},"f":{},"b":{},"_coverageSchema":"1a1c01bbd47fc00a2c39e90264f33305004495a9","hash":"148519b316bb625146a494bec9af980b10180ee9"}
,"/Users/jan/Hacktiv8/phase2/week3/ecommerce/ecommerce-server/routes/index.js": {"path":"/Users/jan/Hacktiv8/phase2/week3/ecommerce/ecommerce-server/routes/index.js","statementMap":{"0":{"start":{"line":1,"column":15},"end":{"line":1,"column":42}},"1":{"start":{"line":2,"column":22},"end":{"line":2,"column":48}},"2":{"start":{"line":3,"column":23},"end":{"line":3,"column":50}},"3":{"start":{"line":4,"column":19},"end":{"line":4,"column":42}},"4":{"start":{"line":5,"column":23},"end":{"line":5,"column":63}},"5":{"start":{"line":6,"column":21},"end":{"line":6,"column":59}},"6":{"start":{"line":8,"column":0},"end":{"line":8,"column":50}},"7":{"start":{"line":9,"column":0},"end":{"line":9,"column":44}},"8":{"start":{"line":10,"column":0},"end":{"line":10,"column":50}},"9":{"start":{"line":11,"column":0},"end":{"line":11,"column":39}},"10":{"start":{"line":12,"column":0},"end":{"line":12,"column":42}},"11":{"start":{"line":13,"column":0},"end":{"line":13,"column":33}},"12":{"start":{"line":14,"column":0},"end":{"line":14,"column":25}},"13":{"start":{"line":16,"column":0},"end":{"line":16,"column":24}}},"fnMap":{},"branchMap":{},"s":{"0":2,"1":2,"2":2,"3":2,"4":2,"5":2,"6":2,"7":2,"8":2,"9":2,"10":2,"11":2,"12":2,"13":2},"f":{},"b":{},"_coverageSchema":"1a1c01bbd47fc00a2c39e90264f33305004495a9","hash":"4de859562213f9fc47f42f4b601b9b15464ad76a"}
,"/Users/jan/Hacktiv8/phase2/week3/ecommerce/ecommerce-server/routes/productRouter.js": {"path":"/Users/jan/Hacktiv8/phase2/week3/ecommerce/ecommerce-server/routes/productRouter.js","statementMap":{"0":{"start":{"line":1,"column":15},"end":{"line":1,"column":42}},"1":{"start":{"line":2,"column":26},"end":{"line":2,"column":69}},"2":{"start":{"line":3,"column":30},"end":{"line":3,"column":60}},"3":{"start":{"line":5,"column":0},"end":{"line":5,"column":47}},"4":{"start":{"line":6,"column":0},"end":{"line":6,"column":50}},"5":{"start":{"line":7,"column":0},"end":{"line":7,"column":30}},"6":{"start":{"line":8,"column":0},"end":{"line":8,"column":47}},"7":{"start":{"line":9,"column":0},"end":{"line":9,"column":52}},"8":{"start":{"line":10,"column":0},"end":{"line":10,"column":55}},"9":{"start":{"line":12,"column":0},"end":{"line":12,"column":24}}},"fnMap":{},"branchMap":{},"s":{"0":2,"1":2,"2":2,"3":2,"4":2,"5":2,"6":2,"7":2,"8":2,"9":2},"f":{},"b":{},"_coverageSchema":"1a1c01bbd47fc00a2c39e90264f33305004495a9","hash":"876c3e3c362c073776a653436cb10025ae587abe"}
}
