TN:
SF:app.js
FNF:0
FNH:0
DA:1,2
DA:2,2
DA:3,2
DA:5,2
DA:7,2
DA:8,2
DA:9,2
DA:11,2
DA:13,2
LF:9
LH:9
BRF:0
BRH:0
end_of_record
TN:
SF:config/config.js
FNF:0
FNH:0
DA:1,2
DA:2,2
DA:4,2
DA:5,2
DA:8,2
DA:9,2
DA:10,2
DA:11,2
DA:12,2
DA:14,2
LF:10
LH:10
BRDA:1,0,0,2
BRDA:1,0,1,0
BRDA:4,1,0,2
BRDA:4,1,1,0
BRDA:4,2,0,2
BRDA:4,2,1,2
BRF:6
BRH:4
end_of_record
TN:
SF:controllers/CartController.js
FN:4,(anonymous_0)
FN:11,(anonymous_1)
FN:27,(anonymous_2)
FN:52,(anonymous_3)
FN:55,(anonymous_4)
FN:58,(anonymous_5)
FN:89,(anonymous_6)
FN:92,(anonymous_7)
FN:95,(anonymous_8)
FN:100,(anonymous_9)
FN:117,(anonymous_10)
FN:120,(anonymous_11)
FN:123,(anonymous_12)
FN:126,(anonymous_13)
FN:129,(anonymous_14)
FN:132,(anonymous_15)
FN:139,(anonymous_16)
FN:142,(anonymous_17)
FNF:18
FNH:0
FNDA:0,(anonymous_0)
FNDA:0,(anonymous_1)
FNDA:0,(anonymous_2)
FNDA:0,(anonymous_3)
FNDA:0,(anonymous_4)
FNDA:0,(anonymous_5)
FNDA:0,(anonymous_6)
FNDA:0,(anonymous_7)
FNDA:0,(anonymous_8)
FNDA:0,(anonymous_9)
FNDA:0,(anonymous_10)
FNDA:0,(anonymous_11)
FNDA:0,(anonymous_12)
FNDA:0,(anonymous_13)
FNDA:0,(anonymous_14)
FNDA:0,(anonymous_15)
FNDA:0,(anonymous_16)
FNDA:0,(anonymous_17)
DA:1,2
DA:5,0
DA:6,0
DA:10,0
DA:12,0
DA:13,0
DA:14,0
DA:17,0
DA:28,0
DA:29,0
DA:30,0
DA:31,0
DA:34,0
DA:44,0
DA:53,0
DA:55,0
DA:59,0
DA:61,0
DA:90,0
DA:92,0
DA:96,0
DA:97,0
DA:99,0
DA:101,0
DA:102,0
DA:104,0
DA:118,0
DA:120,0
DA:124,0
DA:125,0
DA:127,0
DA:129,0
DA:133,0
DA:134,0
DA:135,0
DA:138,0
DA:139,0
DA:142,0
DA:143,0
DA:144,0
DA:146,0
DA:148,0
DA:150,0
DA:164,0
DA:172,0
DA:175,0
DA:180,0
DA:185,2
LF:48
LH:2
BRDA:13,0,0,0
BRDA:13,0,1,0
BRDA:13,1,0,0
BRDA:13,1,1,0
BRDA:28,2,0,0
BRDA:28,2,1,0
BRDA:30,3,0,0
BRDA:30,3,1,0
BRDA:101,4,0,0
BRDA:101,4,1,0
BRDA:135,5,0,0
BRDA:135,5,1,0
BRDA:148,6,0,0
BRDA:148,6,1,0
BRF:14
BRH:0
end_of_record
TN:
SF:controllers/CategoryController.js
FN:5,(anonymous_0)
FN:11,(anonymous_1)
FN:14,(anonymous_2)
FNF:3
FNH:0
FNDA:0,(anonymous_0)
FNDA:0,(anonymous_1)
FNDA:0,(anonymous_2)
DA:1,2
DA:6,0
DA:12,0
DA:15,0
DA:20,2
LF:5
LH:2
BRF:0
BRH:0
end_of_record
TN:
SF:controllers/ProductController.js
FN:4,(anonymous_0)
FN:14,(anonymous_1)
FN:17,(anonymous_2)
FN:22,(anonymous_3)
FN:37,(anonymous_4)
FN:40,(anonymous_5)
FN:45,(anonymous_6)
FN:58,(anonymous_7)
FN:67,(anonymous_8)
FN:84,(anonymous_9)
FN:91,(anonymous_10)
FN:96,(anonymous_11)
FN:100,(anonymous_12)
FN:107,(anonymous_13)
FNF:14
FNH:12
FNDA:6,(anonymous_0)
FNDA:2,(anonymous_1)
FNDA:4,(anonymous_2)
FNDA:4,(anonymous_3)
FNDA:4,(anonymous_4)
FNDA:0,(anonymous_5)
FNDA:5,(anonymous_6)
FNDA:5,(anonymous_7)
FNDA:7,(anonymous_8)
FNDA:3,(anonymous_9)
FNDA:4,(anonymous_10)
FNDA:2,(anonymous_11)
FNDA:2,(anonymous_12)
FNDA:0,(anonymous_13)
DA:1,2
DA:5,6
DA:7,6
DA:15,2
DA:18,4
DA:23,4
DA:38,4
DA:41,0
DA:46,5
DA:48,5
DA:59,5
DA:60,4
DA:62,1
DA:68,7
DA:69,7
DA:71,7
DA:85,3
DA:86,1
DA:88,2
DA:92,4
DA:97,2
DA:99,2
DA:101,2
DA:102,1
DA:104,1
DA:108,0
DA:113,2
LF:27
LH:25
BRDA:59,0,0,4
BRDA:59,0,1,1
BRDA:85,1,0,1
BRDA:85,1,1,2
BRDA:101,2,0,1
BRDA:101,2,1,1
BRF:6
BRH:6
end_of_record
TN:
SF:controllers/UserController.js
FN:6,(anonymous_0)
FN:13,(anonymous_1)
FN:28,(anonymous_2)
FN:31,(anonymous_3)
FN:40,(anonymous_4)
FN:63,(anonymous_5)
FN:68,(anonymous_6)
FN:77,(anonymous_7)
FN:101,(anonymous_8)
FN:106,(anonymous_9)
FNF:10
FNH:2
FNDA:0,(anonymous_0)
FNDA:0,(anonymous_1)
FNDA:0,(anonymous_2)
FNDA:6,(anonymous_3)
FNDA:6,(anonymous_4)
FNDA:0,(anonymous_5)
FNDA:0,(anonymous_6)
FNDA:0,(anonymous_7)
FNDA:0,(anonymous_8)
FNDA:0,(anonymous_9)
DA:1,2
DA:2,2
DA:3,2
DA:7,0
DA:9,0
DA:14,0
DA:20,0
DA:21,0
DA:28,0
DA:32,6
DA:34,6
DA:35,6
DA:37,6
DA:41,6
DA:43,4
DA:44,2
DA:47,2
DA:53,2
DA:54,2
DA:64,0
DA:69,0
DA:71,0
DA:72,0
DA:74,0
DA:78,0
DA:80,0
DA:81,0
DA:82,0
DA:83,0
DA:85,0
DA:91,0
DA:92,0
DA:102,0
DA:111,2
LF:34
LH:14
BRDA:34,0,0,1
BRDA:34,0,1,5
BRDA:35,1,0,2
BRDA:35,1,1,4
BRDA:41,2,0,2
BRDA:41,2,1,4
BRDA:43,3,0,2
BRDA:43,3,1,2
BRDA:71,4,0,0
BRDA:71,4,1,0
BRDA:72,5,0,0
BRDA:72,5,1,0
BRDA:78,6,0,0
BRDA:78,6,1,0
BRDA:80,7,0,0
BRDA:80,7,1,0
BRDA:82,8,0,0
BRDA:82,8,1,0
BRF:18
BRH:8
end_of_record
TN:
SF:helpers/bcrypt.js
FN:3,hashPassword
FN:8,checkPassword
FNF:2
FNH:1
FNDA:0,hashPassword
FNDA:4,checkPassword
DA:1,2
DA:4,0
DA:5,0
DA:9,4
DA:12,2
LF:5
LH:3
BRF:0
BRH:0
end_of_record
TN:
SF:helpers/jsonwebtoken.js
FN:4,createToken
FN:8,checkToken
FNF:2
FNH:2
FNDA:2,createToken
FNDA:24,checkToken
DA:1,2
DA:2,2
DA:5,2
DA:9,24
DA:12,2
LF:5
LH:5
BRF:0
BRH:0
end_of_record
TN:
SF:middlewares/auth.js
FN:4,authenticateGeneral
FN:14,(anonymous_1)
FN:32,authenticateAdmin
FN:44,(anonymous_3)
FN:62,authorizeCart
FN:68,(anonymous_5)
FN:78,(anonymous_6)
FNF:7
FNH:2
FNDA:0,authenticateGeneral
FNDA:0,(anonymous_1)
FNDA:24,authenticateAdmin
FNDA:18,(anonymous_3)
FNDA:0,authorizeCart
FNDA:0,(anonymous_5)
FNDA:0,(anonymous_6)
DA:1,2
DA:2,2
DA:5,0
DA:6,0
DA:8,0
DA:9,0
DA:10,0
DA:11,0
DA:14,0
DA:15,0
DA:16,0
DA:18,0
DA:23,0
DA:24,0
DA:28,0
DA:33,24
DA:34,3
DA:36,24
DA:37,24
DA:38,18
DA:39,0
DA:40,18
DA:41,3
DA:44,18
DA:45,18
DA:46,3
DA:48,15
DA:53,15
DA:54,15
DA:58,6
DA:63,0
DA:65,0
DA:69,0
DA:70,0
DA:72,0
DA:73,0
DA:75,0
DA:78,0
DA:81,2
LF:39
LH:17
BRDA:5,0,0,0
BRDA:5,0,1,0
BRDA:10,1,0,0
BRDA:10,1,1,0
BRDA:10,2,0,0
BRDA:10,2,1,0
BRDA:15,3,0,0
BRDA:15,3,1,0
BRDA:15,4,0,0
BRDA:15,4,1,0
BRDA:33,5,0,3
BRDA:33,5,1,21
BRDA:38,6,0,0
BRDA:38,6,1,18
BRDA:38,7,0,18
BRDA:38,7,1,18
BRDA:40,8,0,3
BRDA:40,8,1,15
BRDA:45,9,0,3
BRDA:45,9,1,15
BRDA:45,10,0,18
BRDA:45,10,1,15
BRDA:69,11,0,0
BRDA:69,11,1,0
BRDA:72,12,0,0
BRDA:72,12,1,0
BRF:26
BRH:11
end_of_record
TN:
SF:middlewares/errorHandler.js
FN:1,errorHandler
FN:4,(anonymous_1)
FN:9,(anonymous_2)
FNF:3
FNH:2
FNDA:27,errorHandler
FNDA:10,(anonymous_1)
FNDA:0,(anonymous_2)
DA:2,27
DA:4,10
DA:5,8
DA:6,8
DA:9,0
DA:10,0
DA:11,0
DA:14,1
DA:17,1
DA:20,1
DA:23,1
DA:26,2
DA:29,2
DA:32,3
DA:35,3
DA:38,3
DA:41,3
DA:44,3
DA:47,3
DA:50,4
DA:53,4
DA:56,2
DA:59,2
DA:62,0
DA:65,0
DA:68,0
DA:71,0
DA:74,0
DA:77,0
DA:80,0
DA:81,0
DA:85,2
LF:32
LH:21
BRDA:2,0,0,8
BRDA:2,0,1,0
BRDA:2,0,2,1
BRDA:2,0,3,1
BRDA:2,0,4,2
BRDA:2,0,5,3
BRDA:2,0,6,3
BRDA:2,0,7,3
BRDA:2,0,8,4
BRDA:2,0,9,2
BRDA:2,0,10,0
BRDA:2,0,11,0
BRDA:2,0,12,0
BRDA:2,0,13,0
BRF:14
BRH:9
end_of_record
TN:
SF:models/cart.js
FN:5,(anonymous_0)
FN:12,(anonymous_1)
FNF:2
FNH:2
FNDA:2,(anonymous_0)
FNDA:2,(anonymous_1)
DA:4,2
DA:5,2
DA:14,2
DA:15,2
DA:18,2
DA:27,2
LF:6
LH:6
BRF:0
BRH:0
end_of_record
TN:
SF:models/category.js
FN:5,(anonymous_0)
FN:12,(anonymous_1)
FNF:2
FNH:2
FNDA:2,(anonymous_0)
FNDA:2,(anonymous_1)
DA:4,2
DA:5,2
DA:14,2
DA:17,2
DA:27,2
LF:5
LH:5
BRF:0
BRH:0
end_of_record
TN:
SF:models/index.js
FN:20,(anonymous_0)
FN:23,(anonymous_1)
FN:28,(anonymous_2)
FNF:3
FNH:3
FNDA:10,(anonymous_0)
FNDA:8,(anonymous_1)
FNDA:8,(anonymous_2)
DA:3,2
DA:4,2
DA:5,2
DA:6,2
DA:7,2
DA:8,2
DA:9,2
DA:12,2
DA:13,0
DA:15,2
DA:18,2
DA:21,10
DA:24,8
DA:25,8
DA:28,2
DA:29,8
DA:30,8
DA:34,2
DA:35,2
DA:37,2
LF:20
LH:19
BRDA:7,0,0,2
BRDA:7,0,1,0
BRDA:12,1,0,0
BRDA:12,1,1,2
BRDA:21,2,0,10
BRDA:21,2,1,10
BRDA:21,2,2,8
BRDA:29,3,0,8
BRDA:29,3,1,0
BRF:9
BRH:6
end_of_record
TN:
SF:models/product.js
FN:6,(anonymous_0)
FN:13,(anonymous_1)
FNF:2
FNH:2
FNDA:2,(anonymous_0)
FNDA:2,(anonymous_1)
DA:2,2
DA:6,2
DA:15,2
DA:16,2
DA:22,2
DA:87,2
LF:6
LH:6
BRF:0
BRH:0
end_of_record
TN:
SF:models/user.js
FN:4,(anonymous_0)
FN:11,(anonymous_1)
FN:51,(anonymous_2)
FNF:3
FNH:2
FNDA:2,(anonymous_0)
FNDA:2,(anonymous_1)
FNDA:0,(anonymous_2)
DA:2,2
DA:3,2
DA:4,2
DA:13,2
DA:19,2
DA:52,0
DA:53,0
DA:60,2
LF:8
LH:6
BRF:0
BRH:0
end_of_record
TN:
SF:routes/cartRouter.js
FNF:0
FNH:0
DA:1,2
DA:2,2
DA:3,2
DA:5,2
DA:6,2
DA:7,2
DA:10,2
DA:11,2
DA:12,2
DA:14,2
LF:10
LH:10
BRF:0
BRH:0
end_of_record
TN:
SF:routes/categoryRouter.js
FNF:0
FNH:0
DA:1,2
DA:2,2
DA:5,2
DA:11,2
LF:4
LH:4
BRF:0
BRH:0
end_of_record
TN:
SF:routes/index.js
FNF:0
FNH:0
DA:1,2
DA:2,2
DA:3,2
DA:4,2
DA:5,2
DA:6,2
DA:8,2
DA:9,2
DA:10,2
DA:11,2
DA:12,2
DA:13,2
DA:14,2
DA:16,2
LF:14
LH:14
BRF:0
BRH:0
end_of_record
TN:
SF:routes/productRouter.js
FNF:0
FNH:0
DA:1,2
DA:2,2
DA:3,2
DA:5,2
DA:6,2
DA:7,2
DA:8,2
DA:9,2
DA:10,2
DA:12,2
LF:10
LH:10
BRF:0
BRH:0
end_of_record
